# JRE version: Java(TM) SE Runtime Environment (8.0_241-b07) (build 1.8.0_241-b07)
# Java VM: Java HotSpot(TM) 64-Bit Server VM (25.241-b07 mixed mode linux-amd64 compressed oops)
Heap:
 PSYoungGen      total 267776K, used 0K [0x00000000ed700000, 0x00000000ffc80000, 0x0000000100000000)
  eden space 234496K, 0% used [0x00000000ed700000,0x00000000ed700000,0x00000000fbc00000)
  from space 33280K, 0% used [0x00000000fbc00000,0x00000000fbc00000,0x00000000fdc80000)
  to   space 32256K, 0% used [0x00000000fdd00000,0x00000000fdd00000,0x00000000ffc80000)
 ParOldGen       total 146432K, used 126334K [0x00000000c8400000, 0x00000000d1300000, 0x00000000ed700000)
  object space 146432K, 86% used [0x00000000c8400000,0x00000000cff5f870,0x00000000d1300000)
 Metaspace       used 9387K, capacity 9600K, committed 9856K, reserved 1058816K
  class space    used 1011K, capacity 1083K, committed 1152K, reserved 1048576K
GC Heap History (10 events):
Event: 1657.398 GC heap after
Heap after GC invocations=314 (full 5):
 PSYoungGen      total 263168K, used 25344K [0x00000000ed700000, 0x0000000100000000, 0x0000000100000000)
  eden space 237568K, 0% used [0x00000000ed700000,0x00000000ed700000,0x00000000fbf00000)
  from space 25600K, 99% used [0x00000000fbf00000,0x00000000fd7c0000,0x00000000fd800000)
  to   space 35328K, 0% used [0x00000000fdd80000,0x00000000fdd80000,0x0000000100000000)
 ParOldGen       total 146432K, used 112862K [0x00000000c8400000, 0x00000000d1300000, 0x00000000ed700000)
  object space 146432K, 77% used [0x00000000c8400000,0x00000000cf2379b8,0x00000000d1300000)
 Metaspace       used 9387K, capacity 9600K, committed 9856K, reserved 1058816K
  class space    used 1011K, capacity 1083K, committed 1152K, reserved 1048576K
}
Event: 1664.323 GC heap before
{Heap before GC invocations=315 (full 5):
 PSYoungGen      total 263168K, used 262912K [0x00000000ed700000, 0x0000000100000000, 0x0000000100000000)
  eden space 237568K, 100% used [0x00000000ed700000,0x00000000fbf00000,0x00000000fbf00000)
  from space 25600K, 99% used [0x00000000fbf00000,0x00000000fd7c0000,0x00000000fd800000)
  to   space 35328K, 0% used [0x00000000fdd80000,0x00000000fdd80000,0x0000000100000000)
 ParOldGen       total 146432K, used 112862K [0x00000000c8400000, 0x00000000d1300000, 0x00000000ed700000)
  object space 146432K, 77% used [0x00000000c8400000,0x00000000cf2379b8,0x00000000d1300000)
 Metaspace       used 9387K, capacity 9600K, committed 9856K, reserved 1058816K
  class space    used 1011K, capacity 1083K, committed 1152K, reserved 1048576K
Event: 1664.379 GC heap after
Heap after GC invocations=315 (full 5):
 PSYoungGen      total 267776K, used 22208K [0x00000000ed700000, 0x0000000100000000, 0x0000000100000000)
  eden space 232448K, 0% used [0x00000000ed700000,0x00000000ed700000,0x00000000fba00000)
  from space 35328K, 62% used [0x00000000fdd80000,0x00000000ff330000,0x0000000100000000)
  to   space 35840K, 0% used [0x00000000fba00000,0x00000000fba00000,0x00000000fdd00000)
 ParOldGen       total 146432K, used 119030K [0x00000000c8400000, 0x00000000d1300000, 0x00000000ed700000)
  object space 146432K, 81% used [0x00000000c8400000,0x00000000cf83d9b8,0x00000000d1300000)
 Metaspace       used 9387K, capacity 9600K, committed 9856K, reserved 1058816K
  class space    used 1011K, capacity 1083K, committed 1152K, reserved 1048576K
}
Event: 1670.774 GC heap before
{Heap before GC invocations=316 (full 5):
 PSYoungGen      total 267776K, used 254656K [0x00000000ed700000, 0x0000000100000000, 0x0000000100000000)
  eden space 232448K, 100% used [0x00000000ed700000,0x00000000fba00000,0x00000000fba00000)
  from space 35328K, 62% used [0x00000000fdd80000,0x00000000ff330000,0x0000000100000000)
  to   space 35840K, 0% used [0x00000000fba00000,0x00000000fba00000,0x00000000fdd00000)
 ParOldGen       total 146432K, used 119030K [0x00000000c8400000, 0x00000000d1300000, 0x00000000ed700000)
  object space 146432K, 81% used [0x00000000c8400000,0x00000000cf83d9b8,0x00000000d1300000)
 Metaspace       used 9387K, capacity 9600K, committed 9856K, reserved 1058816K
  class space    used 1011K, capacity 1083K, committed 1152K, reserved 1048576K
Event: 1670.825 GC heap after
Heap after GC invocations=316 (full 5):
 PSYoungGen      total 251392K, used 18496K [0x00000000ed700000, 0x00000000ffe80000, 0x0000000100000000)
  eden space 232448K, 0% used [0x00000000ed700000,0x00000000ed700000,0x00000000fba00000)
  from space 18944K, 97% used [0x00000000fba00000,0x00000000fcc10000,0x00000000fcc80000)
  to   space 34816K, 0% used [0x00000000fdc80000,0x00000000fdc80000,0x00000000ffe80000)
 ParOldGen       total 146432K, used 125694K [0x00000000c8400000, 0x00000000d1300000, 0x00000000ed700000)
  object space 146432K, 85% used [0x00000000c8400000,0x00000000cfebf9b8,0x00000000d1300000)
 Metaspace       used 9387K, capacity 9600K, committed 9856K, reserved 1058816K
  class space    used 1011K, capacity 1083K, committed 1152K, reserved 1048576K
}
Event: 1679.029 GC heap before
{Heap before GC invocations=317 (full 5):
 PSYoungGen      total 251392K, used 250944K [0x00000000ed700000, 0x00000000ffe80000, 0x0000000100000000)
  eden space 232448K, 100% used [0x00000000ed700000,0x00000000fba00000,0x00000000fba00000)
  from space 18944K, 97% used [0x00000000fba00000,0x00000000fcc10000,0x00000000fcc80000)
  to   space 34816K, 0% used [0x00000000fdc80000,0x00000000fdc80000,0x00000000ffe80000)
 ParOldGen       total 146432K, used 125694K [0x00000000c8400000, 0x00000000d1300000, 0x00000000ed700000)
  object space 146432K, 85% used [0x00000000c8400000,0x00000000cfebf9b8,0x00000000d1300000)
 Metaspace       used 9387K, capacity 9600K, committed 9856K, reserved 1058816K
  class space    used 1011K, capacity 1083K, committed 1152K, reserved 1048576K
Event: 1679.411 GC heap after
Heap after GC invocations=317 (full 5):
 PSYoungGen      total 269312K, used 15040K [0x00000000ed700000, 0x0000000100000000, 0x0000000100000000)
  eden space 234496K, 0% used [0x00000000ed700000,0x00000000ed700000,0x00000000fbc00000)
  from space 34816K, 43% used [0x00000000fdc80000,0x00000000feb30000,0x00000000ffe80000)
  to   space 33280K, 0% used [0x00000000fbc00000,0x00000000fbc00000,0x00000000fdc80000)
 ParOldGen       total 146432K, used 132150K [0x00000000c8400000, 0x00000000d1300000, 0x00000000ed700000)
  object space 146432K, 90% used [0x00000000c8400000,0x00000000d050d9b8,0x00000000d1300000)
 Metaspace       used 9387K, capacity 9600K, committed 9856K, reserved 1058816K
  class space    used 1011K, capacity 1083K, committed 1152K, reserved 1048576K
}
Event: 1713.638 GC heap before
{Heap before GC invocations=318 (full 5):
 PSYoungGen      total 269312K, used 249536K [0x00000000ed700000, 0x0000000100000000, 0x0000000100000000)
  eden space 234496K, 100% used [0x00000000ed700000,0x00000000fbc00000,0x00000000fbc00000)
  from space 34816K, 43% used [0x00000000fdc80000,0x00000000feb30000,0x00000000ffe80000)
  to   space 33280K, 0% used [0x00000000fbc00000,0x00000000fbc00000,0x00000000fdc80000)
 ParOldGen       total 146432K, used 132150K [0x00000000c8400000, 0x00000000d1300000, 0x00000000ed700000)
  object space 146432K, 90% used [0x00000000c8400000,0x00000000d050d9b8,0x00000000d1300000)
 Metaspace       used 9387K, capacity 9600K, committed 9856K, reserved 1058816K
  class space    used 1011K, capacity 1083K, committed 1152K, reserved 1048576K
Event: 1715.149 GC heap after
Heap after GC invocations=318 (full 5):
 PSYoungGen      total 267776K, used 11872K [0x00000000ed700000, 0x00000000ffc80000, 0x0000000100000000)
  eden space 234496K, 0% used [0x00000000ed700000,0x00000000ed700000,0x00000000fbc00000)
  from space 33280K, 35% used [0x00000000fbc00000,0x00000000fc798000,0x00000000fdc80000)
  to   space 32256K, 0% used [0x00000000fdd00000,0x00000000fdd00000,0x00000000ffc80000)
 ParOldGen       total 146432K, used 138302K [0x00000000c8400000, 0x00000000d1300000, 0x00000000ed700000)
  object space 146432K, 94% used [0x00000000c8400000,0x00000000d0b0f9b8,0x00000000d1300000)
 Metaspace       used 9387K, capacity 9600K, committed 9856K, reserved 1058816K
  class space    used 1011K, capacity 1083K, committed 1152K, reserved 1048576K
}
Event: 1715.224 GC heap before
{Heap before GC invocations=319 (full 6):
 PSYoungGen      total 267776K, used 11872K [0x00000000ed700000, 0x00000000ffc80000, 0x0000000100000000)
  eden space 234496K, 0% used [0x00000000ed700000,0x00000000ed700000,0x00000000fbc00000)
  from space 33280K, 35% used [0x00000000fbc00000,0x00000000fc798000,0x00000000fdc80000)
  to   space 32256K, 0% used [0x00000000fdd00000,0x00000000fdd00000,0x00000000ffc80000)
 ParOldGen       total 146432K, used 138302K [0x00000000c8400000, 0x00000000d1300000, 0x00000000ed700000)
  object space 146432K, 94% used [0x00000000c8400000,0x00000000d0b0f9b8,0x00000000d1300000)
 Metaspace       used 9387K, capacity 9600K, committed 9856K, reserved 1058816K
  class space    used 1011K, capacity 1083K, committed 1152K, reserved 1048576K

