# JRE version: Java(TM) SE Runtime Environment (8.0_241-b07) (build 1.8.0_241-b07)
# Java VM: Java HotSpot(TM) 64-Bit Server VM (25.241-b07 mixed mode linux-amd64 compressed oops)
Heap:
 PSYoungGen      total 176640K, used 1162K [0x00000000ed700000, 0x00000000fe800000, 0x0000000100000000)
  eden space 75264K, 0% used [0x00000000ed700000,0x00000000ed700000,0x00000000f2080000)
  from space 101376K, 1% used [0x00000000f8380000,0x00000000f84a2970,0x00000000fe680000)
  to   space 101376K, 0% used [0x00000000f2080000,0x00000000f2080000,0x00000000f8380000)
 ParOldGen       total 557056K, used 556845K [0x00000000c8400000, 0x00000000ea400000, 0x00000000ed700000)
  object space 557056K, 99% used [0x00000000c8400000,0x00000000ea3cb588,0x00000000ea400000)
 Metaspace       used 9404K, capacity 9598K, committed 9856K, reserved 1058816K
  class space    used 1008K, capacity 1086K, committed 1152K, reserved 1048576K
GC Heap History (10 events):
Event: 126.487 GC heap after
Heap after GC invocations=36 (full 8):
 PSYoungGen      total 159744K, used 26112K [0x00000000ed700000, 0x00000000fd780000, 0x0000000100000000)
  eden space 59904K, 0% used [0x00000000ed700000,0x00000000ed700000,0x00000000f1180000)
  from space 99840K, 26% used [0x00000000f7600000,0x00000000f8f80000,0x00000000fd780000)
  to   space 101376K, 0% used [0x00000000f1180000,0x00000000f1180000,0x00000000f7480000)
 ParOldGen       total 557056K, used 410925K [0x00000000c8400000, 0x00000000ea400000, 0x00000000ed700000)
  object space 557056K, 73% used [0x00000000c8400000,0x00000000e154b6a8,0x00000000ea400000)
 Metaspace       used 9404K, capacity 9598K, committed 9856K, reserved 1058816K
  class space    used 1008K, capacity 1086K, committed 1152K, reserved 1048576K
}
Event: 126.736 GC heap before
{Heap before GC invocations=37 (full 8):
 PSYoungGen      total 159744K, used 86016K [0x00000000ed700000, 0x00000000fd780000, 0x0000000100000000)
  eden space 59904K, 100% used [0x00000000ed700000,0x00000000f1180000,0x00000000f1180000)
  from space 99840K, 26% used [0x00000000f7600000,0x00000000f8f80000,0x00000000fd780000)
  to   space 101376K, 0% used [0x00000000f1180000,0x00000000f1180000,0x00000000f7480000)
 ParOldGen       total 557056K, used 410925K [0x00000000c8400000, 0x00000000ea400000, 0x00000000ed700000)
  object space 557056K, 73% used [0x00000000c8400000,0x00000000e154b6a8,0x00000000ea400000)
 Metaspace       used 9404K, capacity 9598K, committed 9856K, reserved 1058816K
  class space    used 1008K, capacity 1086K, committed 1152K, reserved 1048576K
Event: 126.918 GC heap after
Heap after GC invocations=37 (full 8):
 PSYoungGen      total 161280K, used 54848K [0x00000000ed700000, 0x00000000fdd00000, 0x0000000100000000)
  eden space 59904K, 0% used [0x00000000ed700000,0x00000000ed700000,0x00000000f1180000)
  from space 101376K, 54% used [0x00000000f1180000,0x00000000f4710000,0x00000000f7480000)
  to   space 100864K, 0% used [0x00000000f7a80000,0x00000000f7a80000,0x00000000fdd00000)
 ParOldGen       total 557056K, used 410925K [0x00000000c8400000, 0x00000000ea400000, 0x00000000ed700000)
  object space 557056K, 73% used [0x00000000c8400000,0x00000000e154b6a8,0x00000000ea400000)
 Metaspace       used 9404K, capacity 9598K, committed 9856K, reserved 1058816K
  class space    used 1008K, capacity 1086K, committed 1152K, reserved 1048576K
}
Event: 127.155 GC heap before
{Heap before GC invocations=38 (full 8):
 PSYoungGen      total 161280K, used 114752K [0x00000000ed700000, 0x00000000fdd00000, 0x0000000100000000)
  eden space 59904K, 100% used [0x00000000ed700000,0x00000000f1180000,0x00000000f1180000)
  from space 101376K, 54% used [0x00000000f1180000,0x00000000f4710000,0x00000000f7480000)
  to   space 100864K, 0% used [0x00000000f7a80000,0x00000000f7a80000,0x00000000fdd00000)
 ParOldGen       total 557056K, used 410925K [0x00000000c8400000, 0x00000000ea400000, 0x00000000ed700000)
  object space 557056K, 73% used [0x00000000c8400000,0x00000000e154b6a8,0x00000000ea400000)
 Metaspace       used 9404K, capacity 9598K, committed 9856K, reserved 1058816K
  class space    used 1008K, capacity 1086K, committed 1152K, reserved 1048576K
Event: 127.430 GC heap after
Heap after GC invocations=38 (full 8):
 PSYoungGen      total 166912K, used 83720K [0x00000000ed700000, 0x00000000fdf00000, 0x0000000100000000)
  eden space 66048K, 0% used [0x00000000ed700000,0x00000000ed700000,0x00000000f1780000)
  from space 100864K, 83% used [0x00000000f7a80000,0x00000000fcc423f8,0x00000000fdd00000)
  to   space 101376K, 0% used [0x00000000f1780000,0x00000000f1780000,0x00000000f7a80000)
 ParOldGen       total 557056K, used 410925K [0x00000000c8400000, 0x00000000ea400000, 0x00000000ed700000)
  object space 557056K, 73% used [0x00000000c8400000,0x00000000e154b6a8,0x00000000ea400000)
 Metaspace       used 9404K, capacity 9598K, committed 9856K, reserved 1058816K
  class space    used 1008K, capacity 1086K, committed 1152K, reserved 1048576K
}
Event: 127.675 GC heap before
{Heap before GC invocations=39 (full 8):
 PSYoungGen      total 166912K, used 149768K [0x00000000ed700000, 0x00000000fdf00000, 0x0000000100000000)
  eden space 66048K, 100% used [0x00000000ed700000,0x00000000f1780000,0x00000000f1780000)
  from space 100864K, 83% used [0x00000000f7a80000,0x00000000fcc423f8,0x00000000fdd00000)
  to   space 101376K, 0% used [0x00000000f1780000,0x00000000f1780000,0x00000000f7a80000)
 ParOldGen       total 557056K, used 410925K [0x00000000c8400000, 0x00000000ea400000, 0x00000000ed700000)
  object space 557056K, 73% used [0x00000000c8400000,0x00000000e154b6a8,0x00000000ea400000)
 Metaspace       used 9404K, capacity 9598K, committed 9856K, reserved 1058816K
  class space    used 1008K, capacity 1086K, committed 1152K, reserved 1048576K
Event: 128.135 GC heap after
Heap after GC invocations=39 (full 8):
 PSYoungGen      total 167424K, used 60712K [0x00000000ed700000, 0x00000000fe680000, 0x0000000100000000)
  eden space 66048K, 0% used [0x00000000ed700000,0x00000000ed700000,0x00000000f1780000)
  from space 101376K, 59% used [0x00000000f1780000,0x00000000f52ca3f8,0x00000000f7a80000)
  to   space 101376K, 0% used [0x00000000f8380000,0x00000000f8380000,0x00000000fe680000)
 ParOldGen       total 557056K, used 465877K [0x00000000c8400000, 0x00000000ea400000, 0x00000000ed700000)
  object space 557056K, 83% used [0x00000000c8400000,0x00000000e4af56a8,0x00000000ea400000)
 Metaspace       used 9404K, capacity 9598K, committed 9856K, reserved 1058816K
  class space    used 1008K, capacity 1086K, committed 1152K, reserved 1048576K
}
Event: 128.326 GC heap before
{Heap before GC invocations=40 (full 8):
 PSYoungGen      total 167424K, used 126760K [0x00000000ed700000, 0x00000000fe680000, 0x0000000100000000)
  eden space 66048K, 100% used [0x00000000ed700000,0x00000000f1780000,0x00000000f1780000)
  from space 101376K, 59% used [0x00000000f1780000,0x00000000f52ca3f8,0x00000000f7a80000)
  to   space 101376K, 0% used [0x00000000f8380000,0x00000000f8380000,0x00000000fe680000)
 ParOldGen       total 557056K, used 465877K [0x00000000c8400000, 0x00000000ea400000, 0x00000000ed700000)
  object space 557056K, 83% used [0x00000000c8400000,0x00000000e4af56a8,0x00000000ea400000)
 Metaspace       used 9404K, capacity 9598K, committed 9856K, reserved 1058816K
  class space    used 1008K, capacity 1086K, committed 1152K, reserved 1048576K
Event: 128.909 GC heap after
Heap after GC invocations=40 (full 8):
 PSYoungGen      total 176640K, used 31936K [0x00000000ed700000, 0x00000000fe800000, 0x0000000100000000)
  eden space 75264K, 0% used [0x00000000ed700000,0x00000000ed700000,0x00000000f2080000)
  from space 101376K, 31% used [0x00000000f8380000,0x00000000fa2b0000,0x00000000fe680000)
  to   space 101376K, 0% used [0x00000000f2080000,0x00000000f2080000,0x00000000f8380000)
 ParOldGen       total 557056K, used 526678K [0x00000000c8400000, 0x00000000ea400000, 0x00000000ed700000)
  object space 557056K, 94% used [0x00000000c8400000,0x00000000e8655aa0,0x00000000ea400000)
 Metaspace       used 9404K, capacity 9598K, committed 9856K, reserved 1058816K
  class space    used 1008K, capacity 1086K, committed 1152K, reserved 1048576K
}
Event: 128.910 GC heap before
{Heap before GC invocations=41 (full 9):
 PSYoungGen      total 176640K, used 31936K [0x00000000ed700000, 0x00000000fe800000, 0x0000000100000000)
  eden space 75264K, 0% used [0x00000000ed700000,0x00000000ed700000,0x00000000f2080000)
  from space 101376K, 31% used [0x00000000f8380000,0x00000000fa2b0000,0x00000000fe680000)
  to   space 101376K, 0% used [0x00000000f2080000,0x00000000f2080000,0x00000000f8380000)
 ParOldGen       total 557056K, used 526678K [0x00000000c8400000, 0x00000000ea400000, 0x00000000ed700000)
  object space 557056K, 94% used [0x00000000c8400000,0x00000000e8655aa0,0x00000000ea400000)
 Metaspace       used 9404K, capacity 9598K, committed 9856K, reserved 1058816K
  class space    used 1008K, capacity 1086K, committed 1152K, reserved 1048576K

